<?xml version="1.0" encoding="UTF-8"?>
<testsuite xmlns:xsi="http://www.w3.org/2001/XMLSchema-instance" xsi:noNamespaceSchemaLocation="https://maven.apache.org/surefire/maven-surefire-plugin/xsd/surefire-test-report.xsd" name="test.TestTest" time="0.128" tests="2" errors="0" skipped="0" failures="0">
  <properties>
    <property name="sun.desktop" value="windows"/>
    <property name="awt.toolkit" value="sun.awt.windows.WToolkit"/>
    <property name="file.encoding.pkg" value="sun.io"/>
    <property name="java.specification.version" value="1.8"/>
    <property name="sun.cpu.isalist" value="amd64"/>
    <property name="sun.jnu.encoding" value="Cp1252"/>
    <property name="java.class.path" value="C:\NORD\GIT\Java\!PROD\test\target\test-classes;C:\NORD\GIT\Java\!PROD\test\target\classes;C:\Users\BRA9\.m2\repository\junit\junit\4.12\junit-4.12.jar;C:\Users\BRA9\.m2\repository\org\hamcrest\hamcrest-core\1.3\hamcrest-core-1.3.jar;C:\Users\BRA9\.m2\repository\com\epam\reportportal\agent-java-junit\2.7.0\agent-java-junit-2.7.0.jar;C:\Users\BRA9\.m2\repository\com\epam\reportportal\client-java-core\2.7.1\client-java-core-2.7.1.jar;C:\Users\BRA9\.m2\repository\com\google\guava\guava\18.0\guava-18.0.jar;C:\Users\BRA9\.m2\repository\com\epam\reportportal\rest-client-core\1.0.4\rest-client-core-1.0.4.jar;C:\Users\BRA9\.m2\repository\com\epam\reportportal\httpclient-repacked\1.0.2\httpclient-repacked-1.0.2.jar;C:\Users\BRA9\.m2\repository\commons-logging\commons-logging\1.1.3\commons-logging-1.1.3.jar;C:\Users\BRA9\.m2\repository\com\epam\reportportal\commons-codec-repacked\1.0.2\commons-codec-repacked-1.0.2.jar;C:\Users\BRA9\.m2\repository\com\google\code\findbugs\jsr305\2.0.3\jsr305-2.0.3.jar;C:\Users\BRA9\.m2\repository\com\google\inject\guice\3.0\guice-3.0.jar;C:\Users\BRA9\.m2\repository\javax\inject\javax.inject\1\javax.inject-1.jar;C:\Users\BRA9\.m2\repository\aopalliance\aopalliance\1.0\aopalliance-1.0.jar;C:\Users\BRA9\.m2\repository\org\apache\tika\tika-core\1.4\tika-core-1.4.jar;C:\Users\BRA9\.m2\repository\org\slf4j\slf4j-api\1.7.2\slf4j-api-1.7.2.jar;C:\Users\BRA9\.m2\repository\com\epam\reportportal\logger-java-log4j\4.0.1\logger-java-log4j-4.0.1.jar;C:\Users\BRA9\.m2\repository\com\epam\reportportal\client-java\4.0.0\client-java-4.0.0.jar;C:\Users\BRA9\.m2\repository\com\fasterxml\jackson\core\jackson-databind\2.8.10\jackson-databind-2.8.10.jar;C:\Users\BRA9\.m2\repository\com\fasterxml\jackson\core\jackson-core\2.8.10\jackson-core-2.8.10.jar;C:\Users\BRA9\.m2\repository\com\fasterxml\jackson\core\jackson-annotations\2.8.10\jackson-annotations-2.8.10.jar;C:\Users\BRA9\.m2\repository\io\reactivex\rxjava2\rxjava\2.1.6\rxjava-2.1.6.jar;C:\Users\BRA9\.m2\repository\org\reactivestreams\reactive-streams\1.0.1\reactive-streams-1.0.1.jar;C:\Users\BRA9\.m2\repository\com\epam\reportportal\commons-model\4.0.3\commons-model-4.0.3.jar;C:\Users\BRA9\.m2\repository\io\swagger\swagger-annotations\1.5.13\swagger-annotations-1.5.13.jar;C:\Users\BRA9\.m2\repository\javax\validation\validation-api\1.1.0.Final\validation-api-1.1.0.Final.jar;C:\Users\BRA9\.m2\repository\log4j\log4j\1.2.17\log4j-1.2.17.jar;"/>
    <property name="java.vm.vendor" value="Oracle Corporation"/>
    <property name="sun.arch.data.model" value="64"/>
    <property name="user.variant" value=""/>
    <property name="java.vendor.url" value="http://java.oracle.com/"/>
    <property name="user.timezone" value=""/>
    <property name="java.vm.specification.version" value="1.8"/>
    <property name="os.name" value="Windows 10"/>
    <property name="user.country" value="US"/>
    <property name="sun.java.launcher" value="SUN_STANDARD"/>
    <property name="sun.boot.library.path" value="C:\Program Files\Java\jdk1.8.0_152\jre\bin"/>
    <property name="sun.java.command" value="C:\Users\BRA9\AppData\Local\Temp\surefire1228581544516915526\surefirebooter4349960226360501769.jar C:\Users\BRA9\AppData\Local\Temp\surefire1228581544516915526 2018-05-16T09-47-20_443-jvmRun1 surefire5196766458543743315tmp surefire_07282441165675682617tmp"/>
    <property name="surefire.test.class.path" value="C:\NORD\GIT\Java\!PROD\test\target\test-classes;C:\NORD\GIT\Java\!PROD\test\target\classes;C:\Users\BRA9\.m2\repository\junit\junit\4.12\junit-4.12.jar;C:\Users\BRA9\.m2\repository\org\hamcrest\hamcrest-core\1.3\hamcrest-core-1.3.jar;C:\Users\BRA9\.m2\repository\com\epam\reportportal\agent-java-junit\2.7.0\agent-java-junit-2.7.0.jar;C:\Users\BRA9\.m2\repository\com\epam\reportportal\client-java-core\2.7.1\client-java-core-2.7.1.jar;C:\Users\BRA9\.m2\repository\com\google\guava\guava\18.0\guava-18.0.jar;C:\Users\BRA9\.m2\repository\com\epam\reportportal\rest-client-core\1.0.4\rest-client-core-1.0.4.jar;C:\Users\BRA9\.m2\repository\com\epam\reportportal\httpclient-repacked\1.0.2\httpclient-repacked-1.0.2.jar;C:\Users\BRA9\.m2\repository\commons-logging\commons-logging\1.1.3\commons-logging-1.1.3.jar;C:\Users\BRA9\.m2\repository\com\epam\reportportal\commons-codec-repacked\1.0.2\commons-codec-repacked-1.0.2.jar;C:\Users\BRA9\.m2\repository\com\google\code\findbugs\jsr305\2.0.3\jsr305-2.0.3.jar;C:\Users\BRA9\.m2\repository\com\google\inject\guice\3.0\guice-3.0.jar;C:\Users\BRA9\.m2\repository\javax\inject\javax.inject\1\javax.inject-1.jar;C:\Users\BRA9\.m2\repository\aopalliance\aopalliance\1.0\aopalliance-1.0.jar;C:\Users\BRA9\.m2\repository\org\apache\tika\tika-core\1.4\tika-core-1.4.jar;C:\Users\BRA9\.m2\repository\org\slf4j\slf4j-api\1.7.2\slf4j-api-1.7.2.jar;C:\Users\BRA9\.m2\repository\com\epam\reportportal\logger-java-log4j\4.0.1\logger-java-log4j-4.0.1.jar;C:\Users\BRA9\.m2\repository\com\epam\reportportal\client-java\4.0.0\client-java-4.0.0.jar;C:\Users\BRA9\.m2\repository\com\fasterxml\jackson\core\jackson-databind\2.8.10\jackson-databind-2.8.10.jar;C:\Users\BRA9\.m2\repository\com\fasterxml\jackson\core\jackson-core\2.8.10\jackson-core-2.8.10.jar;C:\Users\BRA9\.m2\repository\com\fasterxml\jackson\core\jackson-annotations\2.8.10\jackson-annotations-2.8.10.jar;C:\Users\BRA9\.m2\repository\io\reactivex\rxjava2\rxjava\2.1.6\rxjava-2.1.6.jar;C:\Users\BRA9\.m2\repository\org\reactivestreams\reactive-streams\1.0.1\reactive-streams-1.0.1.jar;C:\Users\BRA9\.m2\repository\com\epam\reportportal\commons-model\4.0.3\commons-model-4.0.3.jar;C:\Users\BRA9\.m2\repository\io\swagger\swagger-annotations\1.5.13\swagger-annotations-1.5.13.jar;C:\Users\BRA9\.m2\repository\javax\validation\validation-api\1.1.0.Final\validation-api-1.1.0.Final.jar;C:\Users\BRA9\.m2\repository\log4j\log4j\1.2.17\log4j-1.2.17.jar;"/>
    <property name="sun.cpu.endian" value="little"/>
    <property name="user.home" value="C:\Users\BRA9"/>
    <property name="user.language" value="en"/>
    <property name="java.specification.vendor" value="Oracle Corporation"/>
    <property name="java.home" value="C:\Program Files\Java\jdk1.8.0_152\jre"/>
    <property name="basedir" value="C:\NORD\GIT\Java\!PROD\test"/>
    <property name="file.separator" value="\"/>
    <property name="line.separator" value="&#10;"/>
    <property name="java.vm.specification.vendor" value="Oracle Corporation"/>
    <property name="java.specification.name" value="Java Platform API Specification"/>
    <property name="java.awt.graphicsenv" value="sun.awt.Win32GraphicsEnvironment"/>
    <property name="surefire.real.class.path" value="C:\Users\BRA9\AppData\Local\Temp\surefire1228581544516915526\surefirebooter4349960226360501769.jar"/>
    <property name="sun.boot.class.path" value="C:\Program Files\Java\jdk1.8.0_152\jre\lib\resources.jar;C:\Program Files\Java\jdk1.8.0_152\jre\lib\rt.jar;C:\Program Files\Java\jdk1.8.0_152\jre\lib\sunrsasign.jar;C:\Program Files\Java\jdk1.8.0_152\jre\lib\jsse.jar;C:\Program Files\Java\jdk1.8.0_152\jre\lib\jce.jar;C:\Program Files\Java\jdk1.8.0_152\jre\lib\charsets.jar;C:\Program Files\Java\jdk1.8.0_152\jre\lib\jfr.jar;C:\Program Files\Java\jdk1.8.0_152\jre\classes"/>
    <property name="user.script" value=""/>
    <property name="sun.management.compiler" value="HotSpot 64-Bit Tiered Compilers"/>
    <property name="java.runtime.version" value="1.8.0_152-b16"/>
    <property name="user.name" value="BRA9"/>
    <property name="path.separator" value=";"/>
    <property name="os.version" value="10.0"/>
    <property name="java.endorsed.dirs" value="C:\Program Files\Java\jdk1.8.0_152\jre\lib\endorsed"/>
    <property name="java.runtime.name" value="Java(TM) SE Runtime Environment"/>
    <property name="file.encoding" value="Cp1252"/>
    <property name="java.vm.name" value="Java HotSpot(TM) 64-Bit Server VM"/>
    <property name="localRepository" value="C:\Users\BRA9\.m2\repository"/>
    <property name="java.vendor.url.bug" value="http://bugreport.sun.com/bugreport/"/>
    <property name="java.io.tmpdir" value="C:\Users\BRA9\AppData\Local\Temp\"/>
    <property name="java.version" value="1.8.0_152"/>
    <property name="user.dir" value="C:\NORD\GIT\Java\!PROD\test"/>
    <property name="os.arch" value="amd64"/>
    <property name="java.vm.specification.name" value="Java Virtual Machine Specification"/>
    <property name="java.awt.printerjob" value="sun.awt.windows.WPrinterJob"/>
    <property name="sun.os.patch.level" value=""/>
    <property name="java.library.path" value="C:\Program Files\Java\jdk1.8.0_152\jre\bin;C:\WINDOWS\Sun\Java\bin;C:\WINDOWS\system32;C:\WINDOWS;C:/Program Files/Java/jre1.8.0_144/bin/server;C:/Program Files/Java/jre1.8.0_144/bin;C:/Program Files/Java/jre1.8.0_144/lib/amd64;C:\Program Files\Docker\Docker\Resources\bin;C:\ProgramData\Oracle\Java\javapath;C:\WINDOWS\system32;C:\WINDOWS;C:\WINDOWS\System32\Wbem;C:\WINDOWS\System32\WindowsPowerShell\v1.0\;C:\Program Files\Microsoft SQL Server\130\Tools\Binn\;C:\Program Files\dotnet\;C:\Gradle\gradle-3.5\bin;C:\Program Files\TortoiseGit\bin;C:\Program Files (x86)\Microsoft SQL Server\Client SDK\ODBC\130\Tools\Binn\;C:\Program Files (x86)\Microsoft SQL Server\140\Tools\Binn\;C:\Program Files (x86)\Microsoft SQL Server\140\DTS\Binn\;C:\Program Files (x86)\Microsoft SQL Server\140\Tools\Binn\ManagementStudio\;C:\ProgramData\chocolatey\bin;C:\Program Files\Java\jdk1.8.0_152\bin;C:\Program Files\PuTTY\;C:\Users\BRA9\.dnx\bin;C:\Program Files (x86)\NUnit.org\nunit-console;C:\Program Files\minikube\;C:\Users\BRA9\AppData\Local\Microsoft\WindowsApps;C:\Program Files (x86)\Microsoft VS Code\bin;C:\ProgramData\chocolatey\lib\chromedriver\tools;C:\Program Files\kubelogin;C:\Program Files\kubectl;C:\Program Files\Git\cmd;C:\Program Files\1E\NomadBranch\;C:\Users\BRA9\AppData\Local\Microsoft\WindowsApps;C:\Program Files (x86)\Microsoft VS Code\bin;C:\Gradle\gradle-3.5\bin;C:\ProgramData\chocolatey\lib\chromedriver\tools;C:\oracle\instantclient_12_2;C:\Program Files\curl\curl-7.59.0-win64-mingw\bin;C:\WINDOWS\System32;;."/>
    <property name="java.vm.info" value="mixed mode"/>
    <property name="java.vendor" value="Oracle Corporation"/>
    <property name="java.vm.version" value="25.152-b16"/>
    <property name="java.ext.dirs" value="C:\Program Files\Java\jdk1.8.0_152\jre\lib\ext;C:\WINDOWS\Sun\Java\lib\ext"/>
    <property name="sun.io.unicode.encoding" value="UnicodeLittle"/>
    <property name="java.class.version" value="52.0"/>
  </properties>
  <testcase name="test1" classname="test.TestTest" time="0.071"/>
  <testcase name="test2" classname="test.TestTest" time="0"/>
</testsuite>